Analysis & Synthesis report for mcp2515
Fri Oct 23 08:41:25 2020
Quartus II 64-Bit Version 15.0.0 Build 145 04/22/2015 SJ Full Version


---------------------
; Table of Contents ;
---------------------
  1. Legal Notice
  2. Analysis & Synthesis Summary
  3. Analysis & Synthesis Settings
  4. Parallel Compilation
  5. Analysis & Synthesis Source Files Read
  6. Partition Status Summary
  7. Partition for Top-Level Resource Utilization by Entity
  8. Multiplexer Restructuring Statistics (Restructuring Performed)
  9. Parameter Settings for User Entity Instance: Top-level Entity: |mcp2515
 10. Partition Dependent Files
 11. Post-Synthesis Netlist Statistics for Top Partition
 12. Analysis & Synthesis Messages



----------------
; Legal Notice ;
----------------
Copyright (C) 1991-2015 Altera Corporation. All rights reserved.
Your use of Altera Corporation's design tools, logic functions 
and other software and tools, and its AMPP partner logic 
functions, and any output files from any of the foregoing 
(including device programming or simulation files), and any 
associated documentation or information are expressly subject 
to the terms and conditions of the Altera Program License 
Subscription Agreement, the Altera Quartus II License Agreement,
the Altera MegaCore Function License Agreement, or other 
applicable license agreement, including, without limitation, 
that your use is for the sole purpose of programming logic 
devices manufactured by Altera and sold by Altera or its 
authorized distributors.  Please refer to the applicable 
agreement for further details.



+----------------------------------------------------------------------------------+
; Analysis & Synthesis Summary                                                     ;
+------------------------------------+---------------------------------------------+
; Analysis & Synthesis Status        ; Successful - Fri Oct 23 08:41:25 2020       ;
; Quartus II 64-Bit Version          ; 15.0.0 Build 145 04/22/2015 SJ Full Version ;
; Revision Name                      ; mcp2515                                     ;
; Top-level Entity Name              ; mcp2515                                     ;
; Family                             ; Cyclone IV E                                ;
; Total logic elements               ; N/A until Partition Merge                   ;
;     Total combinational functions  ; N/A until Partition Merge                   ;
;     Dedicated logic registers      ; N/A until Partition Merge                   ;
; Total registers                    ; N/A until Partition Merge                   ;
; Total pins                         ; N/A until Partition Merge                   ;
; Total virtual pins                 ; N/A until Partition Merge                   ;
; Total memory bits                  ; N/A until Partition Merge                   ;
; Embedded Multiplier 9-bit elements ; N/A until Partition Merge                   ;
; Total PLLs                         ; N/A until Partition Merge                   ;
+------------------------------------+---------------------------------------------+


+----------------------------------------------------------------------------------------------------------------------+
; Analysis & Synthesis Settings                                                                                        ;
+----------------------------------------------------------------------------+--------------------+--------------------+
; Option                                                                     ; Setting            ; Default Value      ;
+----------------------------------------------------------------------------+--------------------+--------------------+
; Device                                                                     ; EP4CE6F17C8        ;                    ;
; Top-level entity name                                                      ; mcp2515            ; mcp2515            ;
; Family name                                                                ; Cyclone IV E       ; Cyclone V          ;
; Use smart compilation                                                      ; Off                ; Off                ;
; Enable parallel Assembler and TimeQuest Timing Analyzer during compilation ; On                 ; On                 ;
; Enable compact report table                                                ; Off                ; Off                ;
; Restructure Multiplexers                                                   ; Auto               ; Auto               ;
; Create Debugging Nodes for IP Cores                                        ; Off                ; Off                ;
; Preserve fewer node names                                                  ; On                 ; On                 ;
; Disable OpenCore Plus hardware evaluation                                  ; Off                ; Off                ;
; Verilog Version                                                            ; Verilog_2001       ; Verilog_2001       ;
; VHDL Version                                                               ; VHDL_1993          ; VHDL_1993          ;
; State Machine Processing                                                   ; Auto               ; Auto               ;
; Safe State Machine                                                         ; Off                ; Off                ;
; Extract Verilog State Machines                                             ; On                 ; On                 ;
; Extract VHDL State Machines                                                ; On                 ; On                 ;
; Ignore Verilog initial constructs                                          ; Off                ; Off                ;
; Iteration limit for constant Verilog loops                                 ; 5000               ; 5000               ;
; Iteration limit for non-constant Verilog loops                             ; 250                ; 250                ;
; Add Pass-Through Logic to Inferred RAMs                                    ; On                 ; On                 ;
; Infer RAMs from Raw Logic                                                  ; On                 ; On                 ;
; Parallel Synthesis                                                         ; On                 ; On                 ;
; DSP Block Balancing                                                        ; Auto               ; Auto               ;
; NOT Gate Push-Back                                                         ; On                 ; On                 ;
; Power-Up Don't Care                                                        ; On                 ; On                 ;
; Remove Redundant Logic Cells                                               ; Off                ; Off                ;
; Remove Duplicate Registers                                                 ; On                 ; On                 ;
; Ignore CARRY Buffers                                                       ; Off                ; Off                ;
; Ignore CASCADE Buffers                                                     ; Off                ; Off                ;
; Ignore GLOBAL Buffers                                                      ; Off                ; Off                ;
; Ignore ROW GLOBAL Buffers                                                  ; Off                ; Off                ;
; Ignore LCELL Buffers                                                       ; Off                ; Off                ;
; Ignore SOFT Buffers                                                        ; On                 ; On                 ;
; Limit AHDL Integers to 32 Bits                                             ; Off                ; Off                ;
; Optimization Technique                                                     ; Balanced           ; Balanced           ;
; Carry Chain Length                                                         ; 70                 ; 70                 ;
; Auto Carry Chains                                                          ; On                 ; On                 ;
; Auto Open-Drain Pins                                                       ; On                 ; On                 ;
; Perform WYSIWYG Primitive Resynthesis                                      ; Off                ; Off                ;
; Auto ROM Replacement                                                       ; On                 ; On                 ;
; Auto RAM Replacement                                                       ; On                 ; On                 ;
; Auto DSP Block Replacement                                                 ; On                 ; On                 ;
; Auto Shift Register Replacement                                            ; Auto               ; Auto               ;
; Allow Shift Register Merging across Hierarchies                            ; Auto               ; Auto               ;
; Auto Clock Enable Replacement                                              ; On                 ; On                 ;
; Strict RAM Replacement                                                     ; Off                ; Off                ;
; Allow Synchronous Control Signals                                          ; On                 ; On                 ;
; Force Use of Synchronous Clear Signals                                     ; Off                ; Off                ;
; Auto RAM Block Balancing                                                   ; On                 ; On                 ;
; Auto RAM to Logic Cell Conversion                                          ; Off                ; Off                ;
; Auto Resource Sharing                                                      ; Off                ; Off                ;
; Allow Any RAM Size For Recognition                                         ; Off                ; Off                ;
; Allow Any ROM Size For Recognition                                         ; Off                ; Off                ;
; Allow Any Shift Register Size For Recognition                              ; Off                ; Off                ;
; Use LogicLock Constraints during Resource Balancing                        ; On                 ; On                 ;
; Ignore translate_off and synthesis_off directives                          ; Off                ; Off                ;
; Timing-Driven Synthesis                                                    ; On                 ; On                 ;
; Report Parameter Settings                                                  ; On                 ; On                 ;
; Report Source Assignments                                                  ; On                 ; On                 ;
; Report Connectivity Checks                                                 ; On                 ; On                 ;
; Ignore Maximum Fan-Out Assignments                                         ; Off                ; Off                ;
; Synchronization Register Chain Length                                      ; 2                  ; 2                  ;
; PowerPlay Power Optimization During Synthesis                              ; Normal compilation ; Normal compilation ;
; HDL message level                                                          ; Level2             ; Level2             ;
; Suppress Register Optimization Related Messages                            ; Off                ; Off                ;
; Number of Removed Registers Reported in Synthesis Report                   ; 5000               ; 5000               ;
; Number of Swept Nodes Reported in Synthesis Report                         ; 5000               ; 5000               ;
; Number of Inverted Registers Reported in Synthesis Report                  ; 100                ; 100                ;
; Clock MUX Protection                                                       ; On                 ; On                 ;
; Auto Gated Clock Conversion                                                ; Off                ; Off                ;
; Block Design Naming                                                        ; Auto               ; Auto               ;
; SDC constraint protection                                                  ; Off                ; Off                ;
; Synthesis Effort                                                           ; Auto               ; Auto               ;
; Shift Register Replacement - Allow Asynchronous Clear Signal               ; On                 ; On                 ;
; Pre-Mapping Resynthesis Optimization                                       ; Off                ; Off                ;
; Analysis & Synthesis Message Level                                         ; Medium             ; Medium             ;
; Disable Register Merging Across Hierarchies                                ; Auto               ; Auto               ;
; Resource Aware Inference For Block RAM                                     ; On                 ; On                 ;
; Synthesis Seed                                                             ; 1                  ; 1                  ;
+----------------------------------------------------------------------------+--------------------+--------------------+


+------------------------------------------+
; Parallel Compilation                     ;
+----------------------------+-------------+
; Processors                 ; Number      ;
+----------------------------+-------------+
; Number detected on machine ; 8           ;
; Maximum allowed            ; 4           ;
;                            ;             ;
; Average used               ; 1.00        ;
; Maximum used               ; 1           ;
;                            ;             ;
; Usage by Processor         ; % Time Used ;
;     Processor 1            ; 100.0%      ;
;     Processors 2-8         ;   0.0%      ;
+----------------------------+-------------+


+-----------------------------------------------------------------------------------------------------------------------------------------+
; Analysis & Synthesis Source Files Read                                                                                                  ;
+----------------------------------+-----------------+------------------------+-------------------------------------------------+---------+
; File Name with User-Entered Path ; Used in Netlist ; File Type              ; File Name with Absolute Path                    ; Library ;
+----------------------------------+-----------------+------------------------+-------------------------------------------------+---------+
; mcp2515.v                        ; yes             ; User Verilog HDL File  ; D:/CGY/Documents/quartus/mcp2515_test/mcp2515.v ;         ;
+----------------------------------+-----------------+------------------------+-------------------------------------------------+---------+


+----------------------------------------------------+
; Partition Status Summary                           ;
+----------------+-------------+---------------------+
; Partition Name ; Synthesized ; Reason              ;
+----------------+-------------+---------------------+
; Top            ; no          ; No relevant changes ;
+----------------+-------------+---------------------+


+-----------------------------------------------------------------------------------------------------------------------------------------------------------------------------+
; Partition for Top-Level Resource Utilization by Entity                                                                                                                      ;
+----------------------------+-------------------+--------------+-------------+--------------+---------+-----------+------+--------------+---------------------+--------------+
; Compilation Hierarchy Node ; LC Combinationals ; LC Registers ; Memory Bits ; DSP Elements ; DSP 9x9 ; DSP 18x18 ; Pins ; Virtual Pins ; Full Hierarchy Name ; Library Name ;
+----------------------------+-------------------+--------------+-------------+--------------+---------+-----------+------+--------------+---------------------+--------------+
; |mcp2515                   ; 273 (273)         ; 71 (71)      ; 0           ; 0            ; 0       ; 0         ; 0    ; 0            ; |mcp2515            ; work         ;
+----------------------------+-------------------+--------------+-------------+--------------+---------+-----------+------+--------------+---------------------+--------------+
Note: For table entries with two numbers listed, the numbers in parentheses indicate the number of resources of the given type used by the specific entity alone. The numbers listed outside of parentheses indicate the total resources of the given type used by the specific entity and all of its sub-entities in the hierarchy.


+------------------------------------------------------------------------------------------------------------------------------------------+
; Multiplexer Restructuring Statistics (Restructuring Performed)                                                                           ;
+--------------------+-----------+---------------+----------------------+------------------------+------------+----------------------------+
; Multiplexer Inputs ; Bus Width ; Baseline Area ; Area if Restructured ; Saving if Restructured ; Registered ; Example Multiplexer Output ;
+--------------------+-----------+---------------+----------------------+------------------------+------------+----------------------------+
; 4:1                ; 9 bits    ; 18 LEs        ; 9 LEs                ; 9 LEs                  ; Yes        ; |mcp2515|clk_count[1]      ;
; 9:1                ; 5 bits    ; 30 LEs        ; 5 LEs                ; 25 LEs                 ; Yes        ; |mcp2515|c_count[3]        ;
; 24:1               ; 4 bits    ; 64 LEs        ; 4 LEs                ; 60 LEs                 ; Yes        ; |mcp2515|cc_buff[5]        ;
; 24:1               ; 2 bits    ; 32 LEs        ; 16 LEs               ; 16 LEs                 ; Yes        ; |mcp2515|da_buff[7]        ;
; 25:1               ; 7 bits    ; 112 LEs       ; 7 LEs                ; 105 LEs                ; Yes        ; |mcp2515|mscount[4]        ;
; 39:1               ; 4 bits    ; 104 LEs       ; 80 LEs               ; 24 LEs                 ; Yes        ; |mcp2515|state[3]          ;
; 20:1               ; 2 bits    ; 26 LEs        ; 8 LEs                ; 18 LEs                 ; Yes        ; |mcp2515|cc_buff[7]        ;
+--------------------+-----------+---------------+----------------------+------------------------+------------+----------------------------+


+-------------------------------------------------------------------------+
; Parameter Settings for User Entity Instance: Top-level Entity: |mcp2515 ;
+----------------+-------+------------------------------------------------+
; Parameter Name ; Value ; Type                                           ;
+----------------+-------+------------------------------------------------+
; RSTMCP         ; 0     ; Signed Integer                                 ;
; DELAY          ; 1     ; Signed Integer                                 ;
; CNF1           ; 2     ; Signed Integer                                 ;
; CNF2           ; 3     ; Signed Integer                                 ;
; CNF3           ; 4     ; Signed Integer                                 ;
; TXB0SIDH       ; 5     ; Signed Integer                                 ;
; TXB0SIDL       ; 6     ; Signed Integer                                 ;
; RXB0CTRL       ; 7     ; Signed Integer                                 ;
; RXB0DLC        ; 8     ; Signed Integer                                 ;
; RXF0SIDH       ; 9     ; Signed Integer                                 ;
; RXF0SIDL       ; 10    ; Signed Integer                                 ;
; CANINTF        ; 11    ; Signed Integer                                 ;
; CANINTE        ; 12    ; Signed Integer                                 ;
; CANWORK        ; 13    ; Signed Integer                                 ;
; CANSENDLEN     ; 9     ; Signed Integer                                 ;
; CANSENDDATA0   ; 1     ; Signed Integer                                 ;
; CANSENDDATA1   ; 2     ; Signed Integer                                 ;
; CANSENDDATA2   ; 3     ; Signed Integer                                 ;
; CANSENDDATA3   ; 4     ; Signed Integer                                 ;
; CANSENDDATA4   ; 5     ; Signed Integer                                 ;
; CANSENDDATA5   ; 6     ; Signed Integer                                 ;
; CANSENDDATA6   ; 7     ; Signed Integer                                 ;
; CANSENDDATA7   ; 8     ; Signed Integer                                 ;
; CANSENDPRE     ; 0     ; Signed Integer                                 ;
; CANSENDQUE     ; 10    ; Signed Integer                                 ;
; CANDELAY       ; 11    ; Signed Integer                                 ;
; CTRLCOMMAND    ; 0     ; Signed Integer                                 ;
; SETCOMMAND     ; 1     ; Signed Integer                                 ;
; DATA           ; 2     ; Signed Integer                                 ;
+----------------+-------+------------------------------------------------+
Note: In order to hide this table in the UI and the text report file, please set the "Show Parameter Settings in Synthesis Report" option in "Analysis and Synthesis Settings -> More Settings" to "Off".


+----------------------------------------------------------------------------+
; Partition Dependent Files                                                  ;
+-----------+-------------------+---------+----------------------------------+
; File      ; Location          ; Library ; Checksum                         ;
+-----------+-------------------+---------+----------------------------------+
; mcp2515.v ; Project Directory ; work    ; ec1c08a24ec74d07ab071d56827c30d8 ;
+-----------+-------------------+---------+----------------------------------+


+-----------------------------------------------------+
; Post-Synthesis Netlist Statistics for Top Partition ;
+-----------------------+-----------------------------+
; Type                  ; Count                       ;
+-----------------------+-----------------------------+
; boundary_port         ; 9                           ;
; cycloneiii_ff         ; 71                          ;
;     CLR               ; 6                           ;
;     CLR SLD           ; 4                           ;
;     ENA               ; 12                          ;
;     ENA CLR           ; 3                           ;
;     ENA CLR SCLR      ; 12                          ;
;     ENA CLR SLD       ; 2                           ;
;     ENA SLD           ; 11                          ;
;     SCLR              ; 18                          ;
;     plain             ; 3                           ;
; cycloneiii_lcell_comb ; 273                         ;
;     arith             ; 26                          ;
;         2 data inputs ; 26                          ;
;     normal            ; 247                         ;
;         1 data inputs ; 6                           ;
;         2 data inputs ; 21                          ;
;         3 data inputs ; 45                          ;
;         4 data inputs ; 175                         ;
;                       ;                             ;
; Max LUT depth         ; 7.00                        ;
; Average LUT depth     ; 3.70                        ;
+-----------------------+-----------------------------+


+-------------------------------+
; Analysis & Synthesis Messages ;
+-------------------------------+
Info: *******************************************************************
Info: Running Quartus II 64-Bit Analysis & Synthesis
    Info: Version 15.0.0 Build 145 04/22/2015 SJ Full Version
    Info: Processing started: Fri Oct 23 08:41:12 2020
Info: Command: quartus_map --read_settings_files=on --write_settings_files=off mcp2515 -c mcp2515
Info (11104): Parallel Compilation has detected 8 hyper-threaded processors. However, the extra hyper-threaded processors will not be used by default. Parallel Compilation will use 4 of the 4 physical processors detected instead.
Info (12021): Found 1 design units, including 1 entities, in source file mcp2515.v
    Info (12023): Found entity 1: mcp2515
Info (12127): Elaborating entity "mcp2515" for the top level hierarchy
Info (12206): 0 design partitions require synthesis
Info (12207): 1 design partition does not require synthesis
    Info (12229): Partition "Top" does not require synthesis because there were no relevant design changes
Info: Quartus II 64-Bit Analysis & Synthesis was successful. 0 errors, 0 warnings
    Info: Peak virtual memory: 4777 megabytes
    Info: Processing ended: Fri Oct 23 08:41:25 2020
    Info: Elapsed time: 00:00:13
    Info: Total CPU time (on all processors): 00:00:26


